Archive Project report for somador_carry_ripple
Thu Nov 30 09:17:32 2023
Quartus Prime Version 20.1.1 Build 720 11/11/2020 SJ Standard Edition


---------------------
; Table of Contents ;
---------------------
  1. Legal Notice
  2. Archive Project Summary
  3. Archive Project Messages
  4. Files Archived



----------------
; Legal Notice ;
----------------
Copyright (C) 2020  Intel Corporation. All rights reserved.
Your use of Intel Corporation's design tools, logic functions 
and other software and tools, and any partner logic 
functions, and any output files from any of the foregoing 
(including device programming or simulation files), and any 
associated documentation or information are expressly subject 
to the terms and conditions of the Intel Program License 
Subscription Agreement, the Intel Quartus Prime License Agreement,
the Intel FPGA IP License Agreement, or other applicable license
agreement, including, without limitation, that your use is for
the sole purpose of programming logic devices manufactured by
Intel and sold by Intel or its authorized distributors.  Please
refer to the applicable agreement for further details, at
https://fpgasoftware.intel.com/eula.



+----------------------------------------------------------------+
; Archive Project Summary                                        ;
+------------------------+---------------------------------------+
; Archive Project Status ; Successful - Thu Nov 30 09:17:32 2023 ;
; Revision Name          ; somador_carry_ripple                  ;
; Top-level Entity Name  ; somador_carry_ripple                  ;
; Family                 ; Cyclone IV E                          ;
+------------------------+---------------------------------------+


+--------------------------+
; Archive Project Messages ;
+--------------------------+
Info: File Set 'Source control' contains:
    Info: Project source and settings files
    Info: Automatically detected source files
Warning: Hierarchical Platform Designer systems and custom IP components(_hw.tcl and associated files) are not archived by the Quartus Archiver
Info: Archive will store files relative to the closest common parent directory
Info (13213): Using common directory /home/roberto.se/ELD_PROJ/AULA 35/
Info: ----------------------------------------------------------
Info: ----------------------------------------------------------
Info: Generated archive '/home/roberto.se/ELD_PROJ/AULA 35/somador_carry_ripple.qar'
Info: ----------------------------------------------------------
Info: ----------------------------------------------------------
Info: Generated report 'somador_carry_ripple.archive.rpt'
Info (23030): Evaluation of Tcl script /opt/intelFPGA/20.1/quartus/common/tcl/apps/qpm/qar.tcl was successful
Info: Quartus Prime Shell was successful. 0 errors, 1 warning
    Info: Peak virtual memory: 586 megabytes
    Info: Processing ended: Thu Nov 30 09:17:32 2023
    Info: Elapsed time: 00:00:01
    Info: Total CPU time (on all processors): 00:00:00


+-------------------------------------------------------------+
; Files Archived                                              ;
+-------------------------------------------------------------+
; File Name                                                   ;
+-------------------------------------------------------------+
; /opt/intelFPGA/20.1/quartus/linux64/assignment_defaults.qdf ;
; simulation/modelsim/tb_scr.do                               ;
; simulation/modelsim/wave.do                                 ;
; somador_carry_ripple.qpf                                    ;
; somador_carry_ripple.qsf                                    ;
; somador_carry_ripple.vhd                                    ;
+-------------------------------------------------------------+


