Flow report for shift_right_register
Fri Apr 12 11:03:50 2024
Quartus Prime Version 20.1.1 Build 720 11/11/2020 SJ Standard Edition


---------------------
; Table of Contents ;
---------------------
  1. Legal Notice
  2. Flow Summary
  3. Flow Settings
  4. Flow Non-Default Global Settings
  5. Flow Elapsed Time
  6. Flow OS Summary
  7. Flow Log
  8. Flow Messages
  9. Flow Suppressed Messages



----------------
; Legal Notice ;
----------------
Copyright (C) 2020  Intel Corporation. All rights reserved.
Your use of Intel Corporation's design tools, logic functions 
and other software and tools, and any partner logic 
functions, and any output files from any of the foregoing 
(including device programming or simulation files), and any 
associated documentation or information are expressly subject 
to the terms and conditions of the Intel Program License 
Subscription Agreement, the Intel Quartus Prime License Agreement,
the Intel FPGA IP License Agreement, or other applicable license
agreement, including, without limitation, that your use is for
the sole purpose of programming logic devices manufactured by
Intel and sold by Intel or its authorized distributors.  Please
refer to the applicable agreement for further details, at
https://fpgasoftware.intel.com/eula.



+--------------------------------------------------------------------------------------+
; Flow Summary                                                                         ;
+------------------------------------+-------------------------------------------------+
; Flow Status                        ; Successful - Fri Apr 12 11:03:50 2024           ;
; Quartus Prime Version              ; 20.1.1 Build 720 11/11/2020 SJ Standard Edition ;
; Revision Name                      ; shift_right_register                            ;
; Top-level Entity Name              ; shift_right_register                            ;
; Family                             ; Cyclone IV E                                    ;
; Device                             ; EP4CE6E22A7                                     ;
; Timing Models                      ; Final                                           ;
; Total logic elements               ; 10                                              ;
;     Total combinational functions  ; 0                                               ;
;     Dedicated logic registers      ; 10                                              ;
; Total registers                    ; 10                                              ;
; Total pins                         ; 4                                               ;
; Total virtual pins                 ; 0                                               ;
; Total memory bits                  ; 0                                               ;
; Embedded Multiplier 9-bit elements ; 0                                               ;
; Total PLLs                         ; 0                                               ;
+------------------------------------+-------------------------------------------------+


+------------------------------------------+
; Flow Settings                            ;
+-------------------+----------------------+
; Option            ; Setting              ;
+-------------------+----------------------+
; Start date & time ; 04/12/2024 11:03:40  ;
; Main task         ; Compilation          ;
; Revision Name     ; shift_right_register ;
+-------------------+----------------------+


+------------------------------------------------------------------------------------------------------------------------------------------------------------+
; Flow Non-Default Global Settings                                                                                                                           ;
+-------------------------------------------------+----------------------------------------+---------------+-------------+-----------------------------------+
; Assignment Name                                 ; Value                                  ; Default Value ; Entity Name ; Section Id                        ;
+-------------------------------------------------+----------------------------------------+---------------+-------------+-----------------------------------+
; COMPILER_SIGNATURE_ID                           ; 99781912920174.171293062009798         ; --            ; --          ; --                                ;
; EDA_GENERATE_FUNCTIONAL_NETLIST                 ; Off                                    ; --            ; --          ; eda_board_design_timing           ;
; EDA_GENERATE_FUNCTIONAL_NETLIST                 ; Off                                    ; --            ; --          ; eda_board_design_boundary_scan    ;
; EDA_GENERATE_FUNCTIONAL_NETLIST                 ; Off                                    ; --            ; --          ; eda_board_design_signal_integrity ;
; EDA_GENERATE_FUNCTIONAL_NETLIST                 ; Off                                    ; --            ; --          ; eda_board_design_symbol           ;
; EDA_OUTPUT_DATA_FORMAT                          ; Verilog Hdl                            ; --            ; --          ; eda_simulation                    ;
; EDA_SIMULATION_TOOL                             ; ModelSim-Altera (Verilog)              ; <None>        ; --          ; --                                ;
; EDA_TIME_SCALE                                  ; 1 ps                                   ; --            ; --          ; eda_simulation                    ;
; FITTER_EFFORT                                   ; Standard Fit                           ; Auto Fit      ; --          ; --                                ;
; MAX_CORE_JUNCTION_TEMP                          ; 125                                    ; --            ; --          ; --                                ;
; MIN_CORE_JUNCTION_TEMP                          ; -40                                    ; --            ; --          ; --                                ;
; MUX_RESTRUCTURE                                 ; Off                                    ; Auto          ; --          ; --                                ;
; NOMINAL_CORE_SUPPLY_VOLTAGE                     ; 1.2V                                   ; --            ; --          ; --                                ;
; OPTIMIZATION_MODE                               ; Aggressive Performance                 ; Balanced      ; --          ; --                                ;
; PARTITION_COLOR                                 ; -- (Not supported for targeted family) ; --            ; --          ; Top                               ;
; PARTITION_FITTER_PRESERVATION_LEVEL             ; -- (Not supported for targeted family) ; --            ; --          ; Top                               ;
; PARTITION_NETLIST_TYPE                          ; -- (Not supported for targeted family) ; --            ; --          ; Top                               ;
; PHYSICAL_SYNTHESIS_COMBO_LOGIC                  ; On                                     ; Off           ; --          ; --                                ;
; PHYSICAL_SYNTHESIS_MAP_LOGIC_TO_MEMORY_FOR_AREA ; On                                     ; Off           ; --          ; --                                ;
; PHYSICAL_SYNTHESIS_REGISTER_RETIMING            ; On                                     ; Off           ; --          ; --                                ;
; PLACEMENT_EFFORT_MULTIPLIER                     ; 4.0                                    ; 1.0           ; --          ; --                                ;
; POWER_BOARD_THERMAL_MODEL                       ; None (CONSERVATIVE)                    ; --            ; --          ; --                                ;
; POWER_PRESET_COOLING_SOLUTION                   ; 23 MM HEAT SINK WITH 200 LFPM AIRFLOW  ; --            ; --          ; --                                ;
; PROJECT_OUTPUT_DIRECTORY                        ; output_files                           ; --            ; --          ; --                                ;
; ROUTER_TIMING_OPTIMIZATION_LEVEL                ; MAXIMUM                                ; Normal        ; --          ; --                                ;
+-------------------------------------------------+----------------------------------------+---------------+-------------+-----------------------------------+


+--------------------------------------------------------------------------------------------------------------------------+
; Flow Elapsed Time                                                                                                        ;
+----------------------+--------------+-------------------------+---------------------+------------------------------------+
; Module Name          ; Elapsed Time ; Average Processors Used ; Peak Virtual Memory ; Total CPU Time (on all processors) ;
+----------------------+--------------+-------------------------+---------------------+------------------------------------+
; Analysis & Synthesis ; 00:00:10     ; 1.0                     ; 491 MB              ; 00:00:23                           ;
; Total                ; 00:00:10     ; --                      ; --                  ; 00:00:23                           ;
+----------------------+--------------+-------------------------+---------------------+------------------------------------+


+---------------------------------------------------------------------------------------------+
; Flow OS Summary                                                                             ;
+----------------------+---------------------+------------------+------------+----------------+
; Module Name          ; Machine Hostname    ; OS Name          ; OS Version ; Processor type ;
+----------------------+---------------------+------------------+------------+----------------+
; Analysis & Synthesis ; TELE-Matlab-Quartus ; Debian GNU/Linux ; 10         ; x86_64         ;
+----------------------+---------------------+------------------+------------+----------------+


------------
; Flow Log ;
------------
quartus_map --read_settings_files=on --write_settings_files=off shift_right_register -c shift_right_register



